android/app/build/intermediates/manifest_merge_blame_file/armeabi_v7aDebug/manifest-merger-blame-armeabi_v7a-debug-report.txt
1<?xml version="1.0" encoding="utf-8"?>
2<manifest xmlns:android="http://schemas.android.com/apk/res/android"
3    package="com.baidu.snpe"
4    android:versionCode="1"
5    android:versionName="1.0" >
6
7    <uses-sdk
8        android:minSdkVersion="23"
8-->src/main/AndroidManifest.xml
9        android:targetSdkVersion="28" />
9-->src/main/AndroidManifest.xml
10
11    <application
11-->src/main/AndroidManifest.xml:5:5-15:19
12        android:allowBackup="true"
12-->src/main/AndroidManifest.xml:6:13-39
13        android:debuggable="true"
14        android:extractNativeLibs="false"
15        android:label="@string/app_name"
15-->src/main/AndroidManifest.xml:7:13-45
16        android:testOnly="true" >
17        <activity android:name="com.baidu.snpe.MainActivity" >
17-->src/main/AndroidManifest.xml:8:9-14:20
17-->src/main/AndroidManifest.xml:8:19-61
18            <intent-filter>
18-->src/main/AndroidManifest.xml:9:13-13:29
19                <action android:name="android.intent.action.MAIN" />
19-->src/main/AndroidManifest.xml:10:17-69
19-->src/main/AndroidManifest.xml:10:25-66
20
21                <category android:name="android.intent.category.LAUNCHER" />
21-->src/main/AndroidManifest.xml:12:17-77
21-->src/main/AndroidManifest.xml:12:27-74
22            </intent-filter>
23        </activity>
24    </application>
25
26</manifest>